# JRE version: Java(TM) SE Runtime Environment (8.0_51-b16) (build 1.8.0_51-b16)
# Java VM: Java HotSpot(TM) 64-Bit Server VM (25.51-b03 mixed mode windows-amd64 compressed oops)
Heap:
 PSYoungGen      total 2921472K, used 1166932K [0x0000000705580000, 0x00000007c0000000, 0x00000007c0000000)
  eden space 2831360K, 38% used [0x0000000705580000,0x000000074712d6c0,0x00000007b2280000)
  from space 90112K, 99% used [0x00000007b2280000,0x00000007b7a67c68,0x00000007b7a80000)
  to   space 122368K, 0% used [0x00000007b8880000,0x00000007b8880000,0x00000007c0000000)
 ParOldGen       total 409088K, used 281334K [0x0000000590000000, 0x00000005a8f80000, 0x0000000705580000)
  object space 409088K, 68% used [0x0000000590000000,0x00000005a12bda58,0x00000005a8f80000)
 Metaspace       used 102746K, capacity 103307K, committed 104240K, reserved 1136640K
  class space    used 16165K, capacity 16347K, committed 16432K, reserved 1048576K
GC Heap History (10 events):
Event: 17.206 GC heap before
{Heap before GC invocations=19 (full 3):
 PSYoungGen      total 1582592K, used 1520463K [0x0000000705580000, 0x0000000799600000, 0x00000007c0000000)
  eden space 1461248K, 100% used [0x0000000705580000,0x000000075e880000,0x000000075e880000)
  from space 121344K, 48% used [0x000000075e880000,0x0000000762253da8,0x0000000765f00000)
  to   space 117760K, 0% used [0x0000000792300000,0x0000000792300000,0x0000000799600000)
 ParOldGen       total 353280K, used 217345K [0x0000000590000000, 0x00000005a5900000, 0x0000000705580000)
  object space 353280K, 61% used [0x0000000590000000,0x000000059d440698,0x00000005a5900000)
 Metaspace       used 65021K, capacity 65515K, committed 66096K, reserved 1105920K
  class space    used 9322K, capacity 9499K, committed 9520K, reserved 1048576K
Event: 17.274 GC heap after
Heap after GC invocations=19 (full 3):
 PSYoungGen      total 2271744K, used 46102K [0x0000000705580000, 0x0000000797f00000, 0x00000007c0000000)
  eden space 2177536K, 0% used [0x0000000705580000,0x0000000705580000,0x000000078a400000)
  from space 94208K, 48% used [0x0000000792300000,0x0000000795005a38,0x0000000797f00000)
  to   space 112128K, 0% used [0x000000078a400000,0x000000078a400000,0x0000000791180000)
 ParOldGen       total 353280K, used 245897K [0x0000000590000000, 0x00000005a5900000, 0x0000000705580000)
  object space 353280K, 69% used [0x0000000590000000,0x000000059f022788,0x00000005a5900000)
 Metaspace       used 65021K, capacity 65515K, committed 66096K, reserved 1105920K
  class space    used 9322K, capacity 9499K, committed 9520K, reserved 1048576K
}
Event: 17.464 GC heap before
{Heap before GC invocations=20 (full 3):
 PSYoungGen      total 2271744K, used 268544K [0x0000000705580000, 0x0000000797f00000, 0x00000007c0000000)
  eden space 2177536K, 10% used [0x0000000705580000,0x0000000712eba8b0,0x000000078a400000)
  from space 94208K, 48% used [0x0000000792300000,0x0000000795005a38,0x0000000797f00000)
  to   space 112128K, 0% used [0x000000078a400000,0x000000078a400000,0x0000000791180000)
 ParOldGen       total 353280K, used 245897K [0x0000000590000000, 0x00000005a5900000, 0x0000000705580000)
  object space 353280K, 69% used [0x0000000590000000,0x000000059f022788,0x00000005a5900000)
 Metaspace       used 66469K, capacity 66923K, committed 67496K, reserved 1107968K
  class space    used 9570K, capacity 9755K, committed 9776K, reserved 1048576K
Event: 17.482 GC heap after
Heap after GC invocations=20 (full 3):
 PSYoungGen      total 2289664K, used 5247K [0x0000000705580000, 0x00000007c0000000, 0x00000007c0000000)
  eden space 2177536K, 0% used [0x0000000705580000,0x0000000705580000,0x000000078a400000)
  from space 112128K, 4% used [0x000000078a400000,0x000000078a91ffa0,0x0000000791180000)
  to   space 113664K, 0% used [0x00000007b9100000,0x00000007b9100000,0x00000007c0000000)
 ParOldGen       total 353280K, used 276613K [0x0000000590000000, 0x00000005a5900000, 0x0000000705580000)
  object space 353280K, 78% used [0x0000000590000000,0x00000005a0e21578,0x00000005a5900000)
 Metaspace       used 66469K, capacity 66923K, committed 67496K, reserved 1107968K
  class space    used 9570K, capacity 9755K, committed 9776K, reserved 1048576K
}
Event: 17.482 GC heap before
{Heap before GC invocations=21 (full 4):
 PSYoungGen      total 2289664K, used 5247K [0x0000000705580000, 0x00000007c0000000, 0x00000007c0000000)
  eden space 2177536K, 0% used [0x0000000705580000,0x0000000705580000,0x000000078a400000)
  from space 112128K, 4% used [0x000000078a400000,0x000000078a91ffa0,0x0000000791180000)
  to   space 113664K, 0% used [0x00000007b9100000,0x00000007b9100000,0x00000007c0000000)
 ParOldGen       total 353280K, used 276613K [0x0000000590000000, 0x00000005a5900000, 0x0000000705580000)
  object space 353280K, 78% used [0x0000000590000000,0x00000005a0e21578,0x00000005a5900000)
 Metaspace       used 66469K, capacity 66923K, committed 67496K, reserved 1107968K
  class space    used 9570K, capacity 9755K, committed 9776K, reserved 1048576K
Event: 17.568 GC heap after
Heap after GC invocations=21 (full 4):
 PSYoungGen      total 2289664K, used 0K [0x0000000705580000, 0x00000007c0000000, 0x00000007c0000000)
  eden space 2177536K, 0% used [0x0000000705580000,0x0000000705580000,0x000000078a400000)
  from space 112128K, 0% used [0x000000078a400000,0x000000078a400000,0x0000000791180000)
  to   space 113664K, 0% used [0x00000007b9100000,0x00000007b9100000,0x00000007c0000000)
 ParOldGen       total 409088K, used 246265K [0x0000000590000000, 0x00000005a8f80000, 0x0000000705580000)
  object space 409088K, 60% used [0x0000000590000000,0x000000059f07e4b8,0x00000005a8f80000)
 Metaspace       used 66469K, capacity 66923K, committed 67496K, reserved 1107968K
  class space    used 9570K, capacity 9755K, committed 9776K, reserved 1048576K
}
Event: 20.854 GC heap before
{Heap before GC invocations=22 (full 4):
 PSYoungGen      total 2289664K, used 2177536K [0x0000000705580000, 0x00000007c0000000, 0x00000007c0000000)
  eden space 2177536K, 100% used [0x0000000705580000,0x000000078a400000,0x000000078a400000)
  from space 112128K, 0% used [0x000000078a400000,0x000000078a400000,0x0000000791180000)
  to   space 113664K, 0% used [0x00000007b9100000,0x00000007b9100000,0x00000007c0000000)
 ParOldGen       total 409088K, used 246265K [0x0000000590000000, 0x00000005a8f80000, 0x0000000705580000)
  object space 409088K, 60% used [0x0000000590000000,0x000000059f07e4b8,0x00000005a8f80000)
 Metaspace       used 79133K, capacity 79623K, committed 80560K, reserved 1118208K
  class space    used 11952K, capacity 12101K, committed 12208K, reserved 1048576K
Event: 20.975 GC heap after
Heap after GC invocations=22 (full 4):
 PSYoungGen      total 2945024K, used 63530K [0x0000000705580000, 0x00000007c0000000, 0x00000007c0000000)
  eden space 2831360K, 0% used [0x0000000705580000,0x0000000705580000,0x00000007b2280000)
  from space 113664K, 55% used [0x00000007b9100000,0x00000007bcf0a860,0x00000007c0000000)
  to   space 113152K, 0% used [0x00000007b2280000,0x00000007b2280000,0x00000007b9100000)
 ParOldGen       total 409088K, used 246273K [0x0000000590000000, 0x00000005a8f80000, 0x0000000705580000)
  object space 409088K, 60% used [0x0000000590000000,0x000000059f0804b8,0x00000005a8f80000)
 Metaspace       used 79133K, capacity 79623K, committed 80560K, reserved 1118208K
  class space    used 11952K, capacity 12101K, committed 12208K, reserved 1048576K
}
Event: 25.440 GC heap before
{Heap before GC invocations=23 (full 4):
 PSYoungGen      total 2945024K, used 2894890K [0x0000000705580000, 0x00000007c0000000, 0x00000007c0000000)
  eden space 2831360K, 100% used [0x0000000705580000,0x00000007b2280000,0x00000007b2280000)
  from space 113664K, 55% used [0x00000007b9100000,0x00000007bcf0a860,0x00000007c0000000)
  to   space 113152K, 0% used [0x00000007b2280000,0x00000007b2280000,0x00000007b9100000)
 ParOldGen       total 409088K, used 246273K [0x0000000590000000, 0x00000005a8f80000, 0x0000000705580000)
  object space 409088K, 60% used [0x0000000590000000,0x000000059f0804b8,0x00000005a8f80000)
 Metaspace       used 96819K, capacity 97337K, committed 98352K, reserved 1132544K
  class space    used 15240K, capacity 15384K, committed 15408K, reserved 1048576K
Event: 25.600 GC heap after
Heap after GC invocations=23 (full 4):
 PSYoungGen      total 2921472K, used 90015K [0x0000000705580000, 0x00000007c0000000, 0x00000007c0000000)
  eden space 2831360K, 0% used [0x0000000705580000,0x0000000705580000,0x00000007b2280000)
  from space 90112K, 99% used [0x00000007b2280000,0x00000007b7a67c68,0x00000007b7a80000)
  to   space 122368K, 0% used [0x00000007b8880000,0x00000007b8880000,0x00000007c0000000)
 ParOldGen       total 409088K, used 281334K [0x0000000590000000, 0x00000005a8f80000, 0x0000000705580000)
  object space 409088K, 68% used [0x0000000590000000,0x00000005a12bda58,0x00000005a8f80000)
 Metaspace       used 96819K, capacity 97337K, committed 98352K, reserved 1132544K
  class space    used 15240K, capacity 15384K, committed 15408K, reserved 1048576K
}

